2020-05-21 03:10:20,371 - INFO - allennlp.common.params - random_seed = 13370
2020-05-21 03:10:20,371 - INFO - allennlp.common.params - numpy_seed = 1337
2020-05-21 03:10:20,371 - INFO - allennlp.common.params - pytorch_seed = 133
2020-05-21 03:10:21,338 - INFO - allennlp.common.checks - Pytorch version: 1.3.0
2020-05-21 03:10:21,343 - INFO - allennlp.common.params - evaluate_on_test = False
2020-05-21 03:10:21,343 - INFO - allennlp.common.params - validation_dataset_reader = None
2020-05-21 03:10:21,343 - INFO - allennlp.common.from_params - instantiating class <class 'allennlp.data.dataset_readers.dataset_reader.DatasetReader'> from params {'type': 'sequence_tagging', 'word_tag_delimiter': '###', 'token_indexers': {'tokens': {'type': 'single_id', 'lowercase_tokens': True}, 'token_characters': {'type': 'characters'}}} and extras set()
2020-05-21 03:10:21,343 - INFO - allennlp.common.params - dataset_reader.type = sequence_tagging
2020-05-21 03:10:21,344 - INFO - allennlp.common.from_params - instantiating class <class 'allennlp.data.dataset_readers.sequence_tagging.SequenceTaggingDatasetReader'> from params {'word_tag_delimiter': '###', 'token_indexers': {'tokens': {'type': 'single_id', 'lowercase_tokens': True}, 'token_characters': {'type': 'characters'}}} and extras set()
2020-05-21 03:10:21,344 - INFO - allennlp.common.params - dataset_reader.word_tag_delimiter = ###
2020-05-21 03:10:21,344 - INFO - allennlp.common.params - dataset_reader.token_delimiter = None
2020-05-21 03:10:21,344 - INFO - allennlp.common.from_params - instantiating class <class 'allennlp.data.token_indexers.token_indexer.TokenIndexer'> from params {'type': 'single_id', 'lowercase_tokens': True} and extras set()
2020-05-21 03:10:21,344 - INFO - allennlp.common.params - dataset_reader.token_indexers.tokens.type = single_id
2020-05-21 03:10:21,344 - INFO - allennlp.common.from_params - instantiating class <class 'allennlp.data.token_indexers.single_id_token_indexer.SingleIdTokenIndexer'> from params {'lowercase_tokens': True} and extras set()
2020-05-21 03:10:21,344 - INFO - allennlp.common.params - dataset_reader.token_indexers.tokens.namespace = tokens
2020-05-21 03:10:21,345 - INFO - allennlp.common.params - dataset_reader.token_indexers.tokens.lowercase_tokens = True
2020-05-21 03:10:21,345 - INFO - allennlp.common.params - dataset_reader.token_indexers.tokens.start_tokens = None
2020-05-21 03:10:21,345 - INFO - allennlp.common.params - dataset_reader.token_indexers.tokens.end_tokens = None
2020-05-21 03:10:21,345 - INFO - allennlp.common.params - dataset_reader.token_indexers.tokens.token_min_padding_length = 0
2020-05-21 03:10:21,345 - INFO - allennlp.common.from_params - instantiating class <class 'allennlp.data.token_indexers.token_indexer.TokenIndexer'> from params {'type': 'characters'} and extras set()
2020-05-21 03:10:21,345 - INFO - allennlp.common.params - dataset_reader.token_indexers.token_characters.type = characters
2020-05-21 03:10:21,345 - INFO - allennlp.common.from_params - instantiating class <class 'allennlp.data.token_indexers.token_characters_indexer.TokenCharactersIndexer'> from params {} and extras set()
2020-05-21 03:10:21,345 - INFO - allennlp.common.params - dataset_reader.token_indexers.token_characters.namespace = token_characters
2020-05-21 03:10:21,346 - INFO - allennlp.common.params - dataset_reader.token_indexers.token_characters.start_tokens = None
2020-05-21 03:10:21,346 - INFO - allennlp.common.params - dataset_reader.token_indexers.token_characters.end_tokens = None
2020-05-21 03:10:21,346 - INFO - allennlp.common.params - dataset_reader.token_indexers.token_characters.min_padding_length = 0
2020-05-21 03:10:21,346 - INFO - allennlp.common.params - dataset_reader.token_indexers.token_characters.token_min_padding_length = 0
2020-05-21 03:10:21,360 - INFO - allennlp.common.params - dataset_reader.lazy = False
2020-05-21 03:10:21,360 - INFO - allennlp.common.params - train_data_path = data/only_phrases/multicopy.train.75k.txt
2020-05-21 03:10:21,361 - INFO - allennlp.training.util - Reading training data from data/only_phrases/multicopy.train.75k.txt
